2017-03-05 10:52:44,269 [Worker-16] INFO  o.e.m.c.i.l.LifecycleMappingFactory - Using org.eclipse.m2e.jdt.JarLifecycleMapping lifecycle mapping for MavenProject: Meritnation:Meritnation:0.0.1-SNAPSHOT @ C:\Users\dsood1\Framework19Feb1100\Meritnation\pom.xml.
2017-03-05 10:52:45,162 [Worker-16] INFO  o.e.m.j.i.AbstractJavaProjectConfigurator - Adding source folder /Meritnation/src
2017-03-05 10:52:45,162 [Worker-16] INFO  o.e.m.j.i.AbstractJavaProjectConfigurator - Resources folder /Meritnation/src overlaps with sources folder /Meritnation/src
2017-03-05 10:52:45,172 [Worker-16] INFO  o.e.m.j.i.AbstractJavaProjectConfigurator - Not adding source folder /Meritnation/src/test/java because it overlaps with /Meritnation/src
2017-03-05 10:52:46,649 [Worker-16] INFO  o.e.m.c.i.p.ProjectConfigurationManager - Update started
2017-03-05 10:52:47,539 [Worker-30] INFO  o.e.m.c.i.l.LifecycleMappingFactory - Using org.eclipse.m2e.jdt.JarLifecycleMapping lifecycle mapping for MavenProject: Meritnation:Meritnation:0.0.1-SNAPSHOT @ C:\Users\dsood1\Framework19Feb1100\Meritnation\pom.xml.
2017-03-05 10:52:47,894 [Worker-30] WARN  o.e.m.c.i.embedder.EclipseLogger - Using platform encoding (Cp1252 actually) to copy filtered resources, i.e. build is platform dependent!
2017-03-05 10:52:47,914 [Worker-30] INFO  o.e.m.c.i.embedder.EclipseLogger - Copying 1 resource
2017-03-05 10:52:47,926 [Worker-30] WARN  o.e.m.c.i.embedder.EclipseLogger - Using platform encoding (Cp1252 actually) to copy filtered resources, i.e. build is platform dependent!
2017-03-05 10:52:47,927 [Worker-30] INFO  o.e.m.c.i.embedder.EclipseLogger - skip non existing resourceDirectory C:\Users\dsood1\Framework19Feb1100\Meritnation\src\test\resources
2017-03-05 10:52:48,129 [Worker-16] INFO  o.e.m.c.i.l.LifecycleMappingFactory - Using org.eclipse.m2e.jdt.JarLifecycleMapping lifecycle mapping for MavenProject: Meritnation:Meritnation:0.0.1-SNAPSHOT @ C:\Users\dsood1\Framework19Feb1100\Meritnation\pom.xml.
2017-03-05 10:52:48,455 [Worker-16] INFO  o.e.m.j.i.AbstractJavaProjectConfigurator - Adding source folder /Meritnation/src
2017-03-05 10:52:48,456 [Worker-16] INFO  o.e.m.j.i.AbstractJavaProjectConfigurator - Resources folder /Meritnation/src overlaps with sources folder /Meritnation/src
2017-03-05 10:52:48,472 [Worker-16] INFO  o.e.m.j.i.AbstractJavaProjectConfigurator - Not adding source folder /Meritnation/src/test/java because it overlaps with /Meritnation/src
2017-03-05 10:52:49,200 [Worker-16] INFO  o.e.m.c.i.p.ProjectConfigurationManager - Update completed: 2 sec
2017-03-05 10:52:49,335 [Worker-10] WARN  o.e.m.c.i.embedder.EclipseLogger - Using platform encoding (Cp1252 actually) to copy filtered resources, i.e. build is platform dependent!
2017-03-05 10:52:49,337 [Worker-10] INFO  o.e.m.c.i.embedder.EclipseLogger - Copying 1 resource
2017-03-05 10:52:49,341 [Worker-10] WARN  o.e.m.c.i.embedder.EclipseLogger - Using platform encoding (Cp1252 actually) to copy filtered resources, i.e. build is platform dependent!
2017-03-05 10:52:49,342 [Worker-10] INFO  o.e.m.c.i.embedder.EclipseLogger - skip non existing resourceDirectory C:\Users\dsood1\Framework19Feb1100\Meritnation\src\test\resources
2017-03-05 10:57:24,479 [Worker-21] INFO  o.e.m.c.i.l.LifecycleMappingFactory - Using org.eclipse.m2e.jdt.JarLifecycleMapping lifecycle mapping for MavenProject: Meritnation:Meritnation:0.0.1-SNAPSHOT @ C:\Users\dsood1\Framework19Feb1100\Meritnation\pom.xml.
2017-03-05 10:57:25,495 [Worker-21] WARN  o.e.m.c.i.embedder.EclipseLogger - The POM for org.testng:testng:jar:5.14.3 is invalid, transitive dependencies (if any) will not be available, enable debug logging for more details
2017-03-05 10:57:25,495 [Worker-21] WARN  o.e.m.c.i.embedder.EclipseLogger - The POM for org.testng:testng:jar:5.14.4 is invalid, transitive dependencies (if any) will not be available, enable debug logging for more details
2017-03-05 10:57:25,505 [Worker-21] WARN  o.e.m.c.i.embedder.EclipseLogger - The POM for org.testng:testng:jar:5.14.5 is invalid, transitive dependencies (if any) will not be available, enable debug logging for more details
2017-03-05 10:57:26,625 [Worker-21] WARN  o.e.m.c.i.embedder.EclipseLogger - Using platform encoding (Cp1252 actually) to copy filtered resources, i.e. build is platform dependent!
2017-03-05 10:57:26,625 [Worker-21] INFO  o.e.m.c.i.embedder.EclipseLogger - skip non existing resourceDirectory C:\Users\dsood1\Framework19Feb1100\Meritnation\src\main\resources
2017-03-05 10:57:26,625 [Worker-21] WARN  o.e.m.c.i.embedder.EclipseLogger - Using platform encoding (Cp1252 actually) to copy filtered resources, i.e. build is platform dependent!
2017-03-05 10:57:26,625 [Worker-21] INFO  o.e.m.c.i.embedder.EclipseLogger - skip non existing resourceDirectory C:\Users\dsood1\Framework19Feb1100\Meritnation\src\test\resources
2017-03-05 10:57:28,669 [Worker-32] WARN  o.e.m.c.i.embedder.EclipseLogger - The POM for org.testng:testng:jar:5.14.3 is invalid, transitive dependencies (if any) will not be available, enable debug logging for more details
2017-03-05 10:57:28,679 [Worker-32] WARN  o.e.m.c.i.embedder.EclipseLogger - The POM for org.testng:testng:jar:5.14.4 is invalid, transitive dependencies (if any) will not be available, enable debug logging for more details
2017-03-05 10:57:28,679 [Worker-32] WARN  o.e.m.c.i.embedder.EclipseLogger - The POM for org.testng:testng:jar:5.14.5 is invalid, transitive dependencies (if any) will not be available, enable debug logging for more details
2017-03-05 10:57:29,339 [Worker-32] WARN  o.e.m.c.i.embedder.EclipseLogger - Using platform encoding (Cp1252 actually) to copy filtered resources, i.e. build is platform dependent!
2017-03-05 10:57:29,339 [Worker-32] INFO  o.e.m.c.i.embedder.EclipseLogger - skip non existing resourceDirectory C:\Users\dsood1\Framework19Feb1100\Meritnation\src\main\resources
2017-03-05 10:57:29,339 [Worker-32] WARN  o.e.m.c.i.embedder.EclipseLogger - Using platform encoding (Cp1252 actually) to copy filtered resources, i.e. build is platform dependent!
2017-03-05 10:57:29,339 [Worker-32] INFO  o.e.m.c.i.embedder.EclipseLogger - skip non existing resourceDirectory C:\Users\dsood1\Framework19Feb1100\Meritnation\src\test\resources
2017-03-05 10:58:33,257 [Worker-21] INFO  o.e.m.i.launch.MavenLaunchDelegate - C:\Users\dsood1\Framework19Feb1100\Meritnation
2017-03-05 10:58:33,257 [Worker-21] INFO  o.e.m.i.launch.MavenLaunchDelegate -  mvn  -B test
2017-03-05 11:07:51,573 [Worker-40] WARN  o.e.m.c.i.embedder.EclipseLogger - Using platform encoding (Cp1252 actually) to copy filtered resources, i.e. build is platform dependent!
2017-03-05 11:07:51,573 [Worker-40] INFO  o.e.m.c.i.embedder.EclipseLogger - skip non existing resourceDirectory C:\Users\dsood1\Framework19Feb1100\Meritnation\src\main\resources
2017-03-05 11:07:51,573 [Worker-40] WARN  o.e.m.c.i.embedder.EclipseLogger - Using platform encoding (Cp1252 actually) to copy filtered resources, i.e. build is platform dependent!
2017-03-05 11:07:51,583 [Worker-40] INFO  o.e.m.c.i.embedder.EclipseLogger - skip non existing resourceDirectory C:\Users\dsood1\Framework19Feb1100\Meritnation\src\test\resources
2017-03-05 11:07:57,376 [Worker-39] WARN  o.e.m.c.i.embedder.EclipseLogger - Using platform encoding (Cp1252 actually) to copy filtered resources, i.e. build is platform dependent!
2017-03-05 11:07:57,376 [Worker-39] INFO  o.e.m.c.i.embedder.EclipseLogger - skip non existing resourceDirectory C:\Users\dsood1\Framework19Feb1100\Meritnation\src\main\resources
2017-03-05 11:07:57,376 [Worker-39] WARN  o.e.m.c.i.embedder.EclipseLogger - Using platform encoding (Cp1252 actually) to copy filtered resources, i.e. build is platform dependent!
2017-03-05 11:07:57,376 [Worker-39] INFO  o.e.m.c.i.embedder.EclipseLogger - skip non existing resourceDirectory C:\Users\dsood1\Framework19Feb1100\Meritnation\src\test\resources
2017-03-05 11:09:29,580 [Worker-19] WARN  o.e.m.c.i.embedder.EclipseLogger - Using platform encoding (Cp1252 actually) to copy filtered resources, i.e. build is platform dependent!
2017-03-05 11:09:29,580 [Worker-19] INFO  o.e.m.c.i.embedder.EclipseLogger - skip non existing resourceDirectory C:\Users\dsood1\Framework19Feb1100\Meritnation\src\main\resources
2017-03-05 11:09:29,580 [Worker-19] WARN  o.e.m.c.i.embedder.EclipseLogger - Using platform encoding (Cp1252 actually) to copy filtered resources, i.e. build is platform dependent!
2017-03-05 11:09:29,580 [Worker-19] INFO  o.e.m.c.i.embedder.EclipseLogger - skip non existing resourceDirectory C:\Users\dsood1\Framework19Feb1100\Meritnation\src\test\resources
2017-03-05 11:09:30,670 [Worker-19] WARN  o.e.m.c.i.embedder.EclipseLogger - Using platform encoding (Cp1252 actually) to copy filtered resources, i.e. build is platform dependent!
2017-03-05 11:09:30,670 [Worker-19] INFO  o.e.m.c.i.embedder.EclipseLogger - skip non existing resourceDirectory C:\Users\dsood1\Framework19Feb1100\Meritnation\src\main\resources
2017-03-05 11:09:30,670 [Worker-19] WARN  o.e.m.c.i.embedder.EclipseLogger - Using platform encoding (Cp1252 actually) to copy filtered resources, i.e. build is platform dependent!
2017-03-05 11:09:30,670 [Worker-19] INFO  o.e.m.c.i.embedder.EclipseLogger - skip non existing resourceDirectory C:\Users\dsood1\Framework19Feb1100\Meritnation\src\test\resources
2017-03-05 11:10:48,354 [Worker-38] WARN  o.e.m.c.i.embedder.EclipseLogger - Using platform encoding (Cp1252 actually) to copy filtered resources, i.e. build is platform dependent!
2017-03-05 11:10:48,354 [Worker-38] INFO  o.e.m.c.i.embedder.EclipseLogger - skip non existing resourceDirectory C:\Users\dsood1\Framework19Feb1100\Meritnation\src\main\resources
2017-03-05 11:10:48,354 [Worker-38] WARN  o.e.m.c.i.embedder.EclipseLogger - Using platform encoding (Cp1252 actually) to copy filtered resources, i.e. build is platform dependent!
2017-03-05 11:10:48,354 [Worker-38] INFO  o.e.m.c.i.embedder.EclipseLogger - skip non existing resourceDirectory C:\Users\dsood1\Framework19Feb1100\Meritnation\src\test\resources
2017-03-05 11:11:05,316 [Worker-40] INFO  o.e.m.i.launch.MavenLaunchDelegate - C:\Users\dsood1\Framework19Feb1100\Meritnation
2017-03-05 11:11:05,316 [Worker-40] INFO  o.e.m.i.launch.MavenLaunchDelegate -  mvn  -B test
2017-03-05 11:12:04,520 [Worker-42] WARN  o.e.m.c.i.embedder.EclipseLogger - Using platform encoding (Cp1252 actually) to copy filtered resources, i.e. build is platform dependent!
2017-03-05 11:12:04,520 [Worker-42] INFO  o.e.m.c.i.embedder.EclipseLogger - skip non existing resourceDirectory C:\Users\dsood1\Framework19Feb1100\Meritnation\src\main\resources
2017-03-05 11:12:04,530 [Worker-42] WARN  o.e.m.c.i.embedder.EclipseLogger - Using platform encoding (Cp1252 actually) to copy filtered resources, i.e. build is platform dependent!
2017-03-05 11:12:04,530 [Worker-42] INFO  o.e.m.c.i.embedder.EclipseLogger - skip non existing resourceDirectory C:\Users\dsood1\Framework19Feb1100\Meritnation\src\test\resources
2017-03-05 11:12:10,140 [Worker-19] INFO  o.e.m.i.launch.MavenLaunchDelegate - C:\Users\dsood1\Framework19Feb1100\Meritnation
2017-03-05 11:12:10,140 [Worker-19] INFO  o.e.m.i.launch.MavenLaunchDelegate -  mvn  -B test
2017-03-05 11:13:43,576 [Worker-42] WARN  o.e.m.c.i.embedder.EclipseLogger - Using platform encoding (Cp1252 actually) to copy filtered resources, i.e. build is platform dependent!
2017-03-05 11:13:43,576 [Worker-42] INFO  o.e.m.c.i.embedder.EclipseLogger - skip non existing resourceDirectory C:\Users\dsood1\Framework19Feb1100\Meritnation\src\main\resources
2017-03-05 11:13:43,576 [Worker-42] WARN  o.e.m.c.i.embedder.EclipseLogger - Using platform encoding (Cp1252 actually) to copy filtered resources, i.e. build is platform dependent!
2017-03-05 11:13:43,586 [Worker-42] INFO  o.e.m.c.i.embedder.EclipseLogger - skip non existing resourceDirectory C:\Users\dsood1\Framework19Feb1100\Meritnation\src\test\resources
2017-03-05 11:13:48,646 [Worker-39] INFO  o.e.m.i.launch.MavenLaunchDelegate - C:\Users\dsood1\Framework19Feb1100\Meritnation
2017-03-05 11:13:48,646 [Worker-39] INFO  o.e.m.i.launch.MavenLaunchDelegate -  mvn  -B test
2017-03-05 11:14:43,360 [Worker-42] WARN  o.e.m.c.i.embedder.EclipseLogger - Using platform encoding (Cp1252 actually) to copy filtered resources, i.e. build is platform dependent!
2017-03-05 11:14:43,360 [Worker-42] INFO  o.e.m.c.i.embedder.EclipseLogger - skip non existing resourceDirectory C:\Users\dsood1\Framework19Feb1100\Meritnation\src\main\resources
2017-03-05 11:14:43,370 [Worker-42] WARN  o.e.m.c.i.embedder.EclipseLogger - Using platform encoding (Cp1252 actually) to copy filtered resources, i.e. build is platform dependent!
2017-03-05 11:14:43,370 [Worker-42] INFO  o.e.m.c.i.embedder.EclipseLogger - skip non existing resourceDirectory C:\Users\dsood1\Framework19Feb1100\Meritnation\src\test\resources
2017-03-05 11:14:44,430 [Worker-40] WARN  o.e.m.c.i.embedder.EclipseLogger - Using platform encoding (Cp1252 actually) to copy filtered resources, i.e. build is platform dependent!
2017-03-05 11:14:44,440 [Worker-40] INFO  o.e.m.c.i.embedder.EclipseLogger - skip non existing resourceDirectory C:\Users\dsood1\Framework19Feb1100\Meritnation\src\main\resources
2017-03-05 11:14:44,440 [Worker-40] WARN  o.e.m.c.i.embedder.EclipseLogger - Using platform encoding (Cp1252 actually) to copy filtered resources, i.e. build is platform dependent!
2017-03-05 11:14:44,440 [Worker-40] INFO  o.e.m.c.i.embedder.EclipseLogger - skip non existing resourceDirectory C:\Users\dsood1\Framework19Feb1100\Meritnation\src\test\resources
2017-03-05 11:14:52,778 [Worker-39] INFO  o.e.m.i.launch.MavenLaunchDelegate - C:\Users\dsood1\Framework19Feb1100\Meritnation
2017-03-05 11:14:52,778 [Worker-39] INFO  o.e.m.i.launch.MavenLaunchDelegate -  mvn  -B test
2017-03-05 11:17:22,728 [Worker-40] INFO  o.e.m.i.launch.MavenLaunchDelegate - C:\Users\dsood1\Framework19Feb1100\Meritnation
2017-03-05 11:17:22,728 [Worker-40] INFO  o.e.m.i.launch.MavenLaunchDelegate -  mvn  -B test
2017-03-05 11:19:17,176 [Worker-45] WARN  o.e.m.c.i.embedder.EclipseLogger - Using platform encoding (Cp1252 actually) to copy filtered resources, i.e. build is platform dependent!
2017-03-05 11:19:17,186 [Worker-45] INFO  o.e.m.c.i.embedder.EclipseLogger - skip non existing resourceDirectory C:\Users\dsood1\Framework19Feb1100\Meritnation\src\main\resources
2017-03-05 11:19:17,186 [Worker-45] WARN  o.e.m.c.i.embedder.EclipseLogger - Using platform encoding (Cp1252 actually) to copy filtered resources, i.e. build is platform dependent!
2017-03-05 11:19:17,186 [Worker-45] INFO  o.e.m.c.i.embedder.EclipseLogger - skip non existing resourceDirectory C:\Users\dsood1\Framework19Feb1100\Meritnation\src\test\resources
2017-03-05 11:19:31,476 [Worker-46] INFO  o.e.m.i.launch.MavenLaunchDelegate - C:\Users\dsood1\Framework19Feb1100\Meritnation
2017-03-05 11:19:31,476 [Worker-46] INFO  o.e.m.i.launch.MavenLaunchDelegate -  mvn  -B test
2017-03-05 11:30:52,283 [Worker-41] WARN  o.e.m.c.i.embedder.EclipseLogger - Using platform encoding (Cp1252 actually) to copy filtered resources, i.e. build is platform dependent!
2017-03-05 11:30:52,283 [Worker-41] INFO  o.e.m.c.i.embedder.EclipseLogger - skip non existing resourceDirectory C:\Users\dsood1\Framework19Feb1100\Meritnation\src\main\resources
2017-03-05 11:30:52,283 [Worker-41] WARN  o.e.m.c.i.embedder.EclipseLogger - Using platform encoding (Cp1252 actually) to copy filtered resources, i.e. build is platform dependent!
2017-03-05 11:30:52,293 [Worker-41] INFO  o.e.m.c.i.embedder.EclipseLogger - skip non existing resourceDirectory C:\Users\dsood1\Framework19Feb1100\Meritnation\src\test\resources
2017-03-05 11:37:11,558 [Worker-41] WARN  o.e.m.c.i.embedder.EclipseLogger - Using platform encoding (Cp1252 actually) to copy filtered resources, i.e. build is platform dependent!
2017-03-05 11:37:11,558 [Worker-41] INFO  o.e.m.c.i.embedder.EclipseLogger - skip non existing resourceDirectory C:\Users\dsood1\Framework19Feb1100\Meritnation\src\main\resources
2017-03-05 11:37:11,568 [Worker-41] WARN  o.e.m.c.i.embedder.EclipseLogger - Using platform encoding (Cp1252 actually) to copy filtered resources, i.e. build is platform dependent!
2017-03-05 11:37:11,568 [Worker-41] INFO  o.e.m.c.i.embedder.EclipseLogger - skip non existing resourceDirectory C:\Users\dsood1\Framework19Feb1100\Meritnation\src\test\resources
2017-03-05 11:37:12,638 [Worker-50] WARN  o.e.m.c.i.embedder.EclipseLogger - Using platform encoding (Cp1252 actually) to copy filtered resources, i.e. build is platform dependent!
2017-03-05 11:37:12,638 [Worker-50] INFO  o.e.m.c.i.embedder.EclipseLogger - skip non existing resourceDirectory C:\Users\dsood1\Framework19Feb1100\Meritnation\src\main\resources
2017-03-05 11:37:12,638 [Worker-50] WARN  o.e.m.c.i.embedder.EclipseLogger - Using platform encoding (Cp1252 actually) to copy filtered resources, i.e. build is platform dependent!
2017-03-05 11:37:12,638 [Worker-50] INFO  o.e.m.c.i.embedder.EclipseLogger - skip non existing resourceDirectory C:\Users\dsood1\Framework19Feb1100\Meritnation\src\test\resources
2017-03-05 11:37:19,877 [Worker-41] WARN  o.e.m.c.i.embedder.EclipseLogger - Using platform encoding (Cp1252 actually) to copy filtered resources, i.e. build is platform dependent!
2017-03-05 11:37:19,877 [Worker-41] INFO  o.e.m.c.i.embedder.EclipseLogger - skip non existing resourceDirectory C:\Users\dsood1\Framework19Feb1100\Meritnation\src\main\resources
2017-03-05 11:37:19,877 [Worker-41] WARN  o.e.m.c.i.embedder.EclipseLogger - Using platform encoding (Cp1252 actually) to copy filtered resources, i.e. build is platform dependent!
2017-03-05 11:37:19,877 [Worker-41] INFO  o.e.m.c.i.embedder.EclipseLogger - skip non existing resourceDirectory C:\Users\dsood1\Framework19Feb1100\Meritnation\src\test\resources
2017-03-05 11:38:00,463 [Worker-41] WARN  o.e.m.c.i.embedder.EclipseLogger - Using platform encoding (Cp1252 actually) to copy filtered resources, i.e. build is platform dependent!
2017-03-05 11:38:00,463 [Worker-41] INFO  o.e.m.c.i.embedder.EclipseLogger - skip non existing resourceDirectory C:\Users\dsood1\Framework19Feb1100\Meritnation\src\main\resources
2017-03-05 11:38:00,473 [Worker-41] WARN  o.e.m.c.i.embedder.EclipseLogger - Using platform encoding (Cp1252 actually) to copy filtered resources, i.e. build is platform dependent!
2017-03-05 11:38:00,473 [Worker-41] INFO  o.e.m.c.i.embedder.EclipseLogger - skip non existing resourceDirectory C:\Users\dsood1\Framework19Feb1100\Meritnation\src\test\resources
2017-03-05 11:38:08,580 [Worker-49] WARN  o.e.m.c.i.embedder.EclipseLogger - Using platform encoding (Cp1252 actually) to copy filtered resources, i.e. build is platform dependent!
2017-03-05 11:38:08,580 [Worker-49] INFO  o.e.m.c.i.embedder.EclipseLogger - skip non existing resourceDirectory C:\Users\dsood1\Framework19Feb1100\Meritnation\src\main\resources
2017-03-05 11:38:08,580 [Worker-49] WARN  o.e.m.c.i.embedder.EclipseLogger - Using platform encoding (Cp1252 actually) to copy filtered resources, i.e. build is platform dependent!
2017-03-05 11:38:08,580 [Worker-49] INFO  o.e.m.c.i.embedder.EclipseLogger - skip non existing resourceDirectory C:\Users\dsood1\Framework19Feb1100\Meritnation\src\test\resources
2017-03-05 11:38:36,250 [Worker-52] WARN  o.e.m.c.i.embedder.EclipseLogger - Using platform encoding (Cp1252 actually) to copy filtered resources, i.e. build is platform dependent!
2017-03-05 11:38:36,250 [Worker-52] INFO  o.e.m.c.i.embedder.EclipseLogger - skip non existing resourceDirectory C:\Users\dsood1\Framework19Feb1100\Meritnation\src\main\resources
2017-03-05 11:38:36,250 [Worker-52] WARN  o.e.m.c.i.embedder.EclipseLogger - Using platform encoding (Cp1252 actually) to copy filtered resources, i.e. build is platform dependent!
2017-03-05 11:38:36,250 [Worker-52] INFO  o.e.m.c.i.embedder.EclipseLogger - skip non existing resourceDirectory C:\Users\dsood1\Framework19Feb1100\Meritnation\src\test\resources
2017-03-05 11:38:42,139 [Worker-41] INFO  o.e.m.i.launch.MavenLaunchDelegate - C:\Users\dsood1\Framework19Feb1100\Meritnation
2017-03-05 11:38:42,139 [Worker-41] INFO  o.e.m.i.launch.MavenLaunchDelegate -  mvn  -B test
2017-03-05 14:27:12,170 [Worker-5] WARN  o.e.m.c.i.embedder.EclipseLogger - The POM for org.testng:testng:jar:5.14.3 is invalid, transitive dependencies (if any) will not be available, enable debug logging for more details
2017-03-05 14:27:12,180 [Worker-5] WARN  o.e.m.c.i.embedder.EclipseLogger - The POM for org.testng:testng:jar:5.14.4 is invalid, transitive dependencies (if any) will not be available, enable debug logging for more details
2017-03-05 14:27:12,185 [Worker-5] WARN  o.e.m.c.i.embedder.EclipseLogger - The POM for org.testng:testng:jar:5.14.5 is invalid, transitive dependencies (if any) will not be available, enable debug logging for more details
2017-03-05 14:27:13,859 [Worker-5] WARN  o.e.m.c.i.embedder.EclipseLogger - Using platform encoding (Cp1252 actually) to copy filtered resources, i.e. build is platform dependent!
2017-03-05 14:27:13,859 [Worker-5] INFO  o.e.m.c.i.embedder.EclipseLogger - skip non existing resourceDirectory C:\Users\dsood1\Framework19Feb1100\Meritnation\src\main\resources
2017-03-05 14:27:13,862 [Worker-5] WARN  o.e.m.c.i.embedder.EclipseLogger - Using platform encoding (Cp1252 actually) to copy filtered resources, i.e. build is platform dependent!
2017-03-05 14:27:13,864 [Worker-5] INFO  o.e.m.c.i.embedder.EclipseLogger - skip non existing resourceDirectory C:\Users\dsood1\Framework19Feb1100\Meritnation\src\test\resources
2017-03-16 00:28:09,149 [Worker-15] INFO  o.e.m.i.launch.MavenLaunchDelegate - C:\Users\dsood1\Framework19Feb1100\Meritnation
2017-03-16 00:28:09,159 [Worker-15] INFO  o.e.m.i.launch.MavenLaunchDelegate -  mvn  -B test
2017-03-16 00:28:47,156 [Worker-13] WARN  o.e.m.c.i.embedder.EclipseLogger - The POM for org.testng:testng:jar:5.14.3 is invalid, transitive dependencies (if any) will not be available, enable debug logging for more details
2017-03-16 00:28:47,166 [Worker-13] WARN  o.e.m.c.i.embedder.EclipseLogger - The POM for org.testng:testng:jar:5.14.4 is invalid, transitive dependencies (if any) will not be available, enable debug logging for more details
2017-03-16 00:28:47,176 [Worker-13] WARN  o.e.m.c.i.embedder.EclipseLogger - The POM for org.testng:testng:jar:5.14.5 is invalid, transitive dependencies (if any) will not be available, enable debug logging for more details
2017-03-16 00:28:48,248 [Worker-13] WARN  o.e.m.c.i.embedder.EclipseLogger - Using platform encoding (Cp1252 actually) to copy filtered resources, i.e. build is platform dependent!
2017-03-16 00:28:48,248 [Worker-13] INFO  o.e.m.c.i.embedder.EclipseLogger - skip non existing resourceDirectory C:\Users\dsood1\Framework19Feb1100\Meritnation\src\main\resources
2017-03-16 00:28:48,258 [Worker-13] WARN  o.e.m.c.i.embedder.EclipseLogger - Using platform encoding (Cp1252 actually) to copy filtered resources, i.e. build is platform dependent!
2017-03-16 00:28:48,258 [Worker-13] INFO  o.e.m.c.i.embedder.EclipseLogger - skip non existing resourceDirectory C:\Users\dsood1\Framework19Feb1100\Meritnation\src\test\resources
2017-03-16 00:29:22,018 [Worker-17] WARN  o.e.m.c.i.embedder.EclipseLogger - Using platform encoding (Cp1252 actually) to copy filtered resources, i.e. build is platform dependent!
2017-03-16 00:29:22,028 [Worker-17] INFO  o.e.m.c.i.embedder.EclipseLogger - skip non existing resourceDirectory C:\Users\dsood1\Framework19Feb1100\Meritnation\src\main\resources
2017-03-16 00:29:22,028 [Worker-17] WARN  o.e.m.c.i.embedder.EclipseLogger - Using platform encoding (Cp1252 actually) to copy filtered resources, i.e. build is platform dependent!
2017-03-16 00:29:22,038 [Worker-17] INFO  o.e.m.c.i.embedder.EclipseLogger - skip non existing resourceDirectory C:\Users\dsood1\Framework19Feb1100\Meritnation\src\test\resources
2017-03-16 00:29:29,878 [Worker-13] INFO  o.e.m.i.launch.MavenLaunchDelegate - C:\Users\dsood1\Framework19Feb1100\Meritnation
2017-03-16 00:29:29,878 [Worker-13] INFO  o.e.m.i.launch.MavenLaunchDelegate -  mvn  -B test
2017-03-16 14:45:23,503 [Worker-3] WARN  o.e.m.c.i.embedder.EclipseLogger - The POM for org.testng:testng:jar:5.14.3 is invalid, transitive dependencies (if any) will not be available, enable debug logging for more details
2017-03-16 14:45:23,593 [Worker-3] WARN  o.e.m.c.i.embedder.EclipseLogger - The POM for org.testng:testng:jar:5.14.4 is invalid, transitive dependencies (if any) will not be available, enable debug logging for more details
2017-03-16 14:45:23,603 [Worker-3] WARN  o.e.m.c.i.embedder.EclipseLogger - The POM for org.testng:testng:jar:5.14.5 is invalid, transitive dependencies (if any) will not be available, enable debug logging for more details
2017-03-19 08:45:03,713 [Worker-0] WARN  o.e.m.c.i.embedder.EclipseLogger - The POM for org.testng:testng:jar:5.14.3 is invalid, transitive dependencies (if any) will not be available, enable debug logging for more details
2017-03-19 08:45:04,313 [Worker-0] WARN  o.e.m.c.i.embedder.EclipseLogger - The POM for org.testng:testng:jar:5.14.4 is invalid, transitive dependencies (if any) will not be available, enable debug logging for more details
2017-03-19 08:45:04,353 [Worker-0] WARN  o.e.m.c.i.embedder.EclipseLogger - The POM for org.testng:testng:jar:5.14.5 is invalid, transitive dependencies (if any) will not be available, enable debug logging for more details
2017-03-19 09:53:05,983 [Worker-30] WARN  o.e.m.c.i.embedder.EclipseLogger - Using platform encoding (Cp1252 actually) to copy filtered resources, i.e. build is platform dependent!
2017-03-19 09:53:05,993 [Worker-30] INFO  o.e.m.c.i.embedder.EclipseLogger - skip non existing resourceDirectory C:\Users\dsood1\Framework19Feb1100\Meritnation\src\main\resources
2017-03-19 09:53:05,993 [Worker-30] WARN  o.e.m.c.i.embedder.EclipseLogger - Using platform encoding (Cp1252 actually) to copy filtered resources, i.e. build is platform dependent!
2017-03-19 09:53:05,993 [Worker-30] INFO  o.e.m.c.i.embedder.EclipseLogger - skip non existing resourceDirectory C:\Users\dsood1\Framework19Feb1100\Meritnation\src\test\resources
2017-03-19 12:29:08,828 [Worker-12] WARN  o.e.m.c.i.embedder.EclipseLogger - The POM for org.testng:testng:jar:5.14.3 is invalid, transitive dependencies (if any) will not be available, enable debug logging for more details
2017-03-19 12:29:08,845 [Worker-12] WARN  o.e.m.c.i.embedder.EclipseLogger - The POM for org.testng:testng:jar:5.14.4 is invalid, transitive dependencies (if any) will not be available, enable debug logging for more details
2017-03-19 12:29:08,853 [Worker-12] WARN  o.e.m.c.i.embedder.EclipseLogger - The POM for org.testng:testng:jar:5.14.5 is invalid, transitive dependencies (if any) will not be available, enable debug logging for more details
2017-03-19 12:29:10,922 [Worker-12] WARN  o.e.m.c.i.embedder.EclipseLogger - Using platform encoding (Cp1252 actually) to copy filtered resources, i.e. build is platform dependent!
2017-03-19 12:29:10,923 [Worker-12] INFO  o.e.m.c.i.embedder.EclipseLogger - skip non existing resourceDirectory C:\Users\dsood1\Framework19Feb1100\Meritnation\src\main\resources
2017-03-19 12:29:10,924 [Worker-12] WARN  o.e.m.c.i.embedder.EclipseLogger - Using platform encoding (Cp1252 actually) to copy filtered resources, i.e. build is platform dependent!
2017-03-19 12:29:10,925 [Worker-12] INFO  o.e.m.c.i.embedder.EclipseLogger - skip non existing resourceDirectory C:\Users\dsood1\Framework19Feb1100\Meritnation\src\test\resources
2017-03-26 08:14:16,763 [Worker-2] WARN  o.e.m.c.i.embedder.EclipseLogger - The POM for org.testng:testng:jar:5.14.3 is invalid, transitive dependencies (if any) will not be available, enable debug logging for more details
2017-03-26 08:14:16,863 [Worker-2] WARN  o.e.m.c.i.embedder.EclipseLogger - The POM for org.testng:testng:jar:5.14.4 is invalid, transitive dependencies (if any) will not be available, enable debug logging for more details
2017-03-26 08:14:16,873 [Worker-2] WARN  o.e.m.c.i.embedder.EclipseLogger - The POM for org.testng:testng:jar:5.14.5 is invalid, transitive dependencies (if any) will not be available, enable debug logging for more details
2017-04-08 14:51:00,917 [Worker-10] WARN  o.e.m.c.i.embedder.EclipseLogger - The POM for org.testng:testng:jar:5.14.3 is invalid, transitive dependencies (if any) will not be available, enable debug logging for more details
2017-04-08 14:51:00,937 [Worker-10] WARN  o.e.m.c.i.embedder.EclipseLogger - The POM for org.testng:testng:jar:5.14.4 is invalid, transitive dependencies (if any) will not be available, enable debug logging for more details
2017-04-08 14:51:00,937 [Worker-10] WARN  o.e.m.c.i.embedder.EclipseLogger - The POM for org.testng:testng:jar:5.14.5 is invalid, transitive dependencies (if any) will not be available, enable debug logging for more details
2017-04-08 14:51:02,457 [Worker-10] WARN  o.e.m.c.i.embedder.EclipseLogger - Using platform encoding (Cp1252 actually) to copy filtered resources, i.e. build is platform dependent!
2017-04-08 14:51:02,457 [Worker-10] INFO  o.e.m.c.i.embedder.EclipseLogger - skip non existing resourceDirectory C:\Users\dsood1\Framework19Feb1100\Meritnation\src\main\resources
2017-04-08 14:51:02,467 [Worker-10] WARN  o.e.m.c.i.embedder.EclipseLogger - Using platform encoding (Cp1252 actually) to copy filtered resources, i.e. build is platform dependent!
2017-04-08 14:51:02,467 [Worker-10] INFO  o.e.m.c.i.embedder.EclipseLogger - skip non existing resourceDirectory C:\Users\dsood1\Framework19Feb1100\Meritnation\src\test\resources
2017-04-08 14:51:17,579 [Worker-10] INFO  o.e.m.i.launch.MavenLaunchDelegate - C:\Users\dsood1\Framework19Feb1100\Meritnation
2017-04-08 14:51:17,579 [Worker-10] INFO  o.e.m.i.launch.MavenLaunchDelegate -  mvn  -B test
2017-04-08 14:52:21,374 [Worker-10] WARN  o.e.m.c.i.embedder.EclipseLogger - Using platform encoding (Cp1252 actually) to copy filtered resources, i.e. build is platform dependent!
2017-04-08 14:52:21,374 [Worker-10] INFO  o.e.m.c.i.embedder.EclipseLogger - skip non existing resourceDirectory C:\Users\dsood1\Framework19Feb1100\Meritnation\src\main\resources
2017-04-08 14:52:21,374 [Worker-10] WARN  o.e.m.c.i.embedder.EclipseLogger - Using platform encoding (Cp1252 actually) to copy filtered resources, i.e. build is platform dependent!
2017-04-08 14:52:21,374 [Worker-10] INFO  o.e.m.c.i.embedder.EclipseLogger - skip non existing resourceDirectory C:\Users\dsood1\Framework19Feb1100\Meritnation\src\test\resources
2017-04-08 14:54:15,983 [Worker-14] INFO  o.e.m.i.launch.MavenLaunchDelegate - C:\Users\dsood1\Framework19Feb1100\Meritnation
2017-04-08 14:54:15,983 [Worker-14] INFO  o.e.m.i.launch.MavenLaunchDelegate -  mvn  -B test
2017-04-08 14:55:46,039 [Worker-13] WARN  o.e.m.c.i.embedder.EclipseLogger - Using platform encoding (Cp1252 actually) to copy filtered resources, i.e. build is platform dependent!
2017-04-08 14:55:46,039 [Worker-13] INFO  o.e.m.c.i.embedder.EclipseLogger - skip non existing resourceDirectory C:\Users\dsood1\Framework19Feb1100\Meritnation\src\main\resources
2017-04-08 14:55:46,039 [Worker-13] WARN  o.e.m.c.i.embedder.EclipseLogger - Using platform encoding (Cp1252 actually) to copy filtered resources, i.e. build is platform dependent!
2017-04-08 14:55:46,039 [Worker-13] INFO  o.e.m.c.i.embedder.EclipseLogger - skip non existing resourceDirectory C:\Users\dsood1\Framework19Feb1100\Meritnation\src\test\resources
2017-04-08 14:55:52,310 [Worker-12] INFO  o.e.m.i.launch.MavenLaunchDelegate - C:\Users\dsood1\Framework19Feb1100\Meritnation
2017-04-08 14:55:52,310 [Worker-12] INFO  o.e.m.i.launch.MavenLaunchDelegate -  mvn  -B test
2017-04-08 14:56:49,060 [Worker-15] WARN  o.e.m.c.i.embedder.EclipseLogger - Using platform encoding (Cp1252 actually) to copy filtered resources, i.e. build is platform dependent!
2017-04-08 14:56:49,060 [Worker-15] INFO  o.e.m.c.i.embedder.EclipseLogger - skip non existing resourceDirectory C:\Users\dsood1\Framework19Feb1100\Meritnation\src\main\resources
2017-04-08 14:56:49,060 [Worker-15] WARN  o.e.m.c.i.embedder.EclipseLogger - Using platform encoding (Cp1252 actually) to copy filtered resources, i.e. build is platform dependent!
2017-04-08 14:56:49,060 [Worker-15] INFO  o.e.m.c.i.embedder.EclipseLogger - skip non existing resourceDirectory C:\Users\dsood1\Framework19Feb1100\Meritnation\src\test\resources
2017-04-08 14:56:57,315 [Worker-13] WARN  o.e.m.c.i.embedder.EclipseLogger - Using platform encoding (Cp1252 actually) to copy filtered resources, i.e. build is platform dependent!
2017-04-08 14:56:57,315 [Worker-13] INFO  o.e.m.c.i.embedder.EclipseLogger - skip non existing resourceDirectory C:\Users\dsood1\Framework19Feb1100\Meritnation\src\main\resources
2017-04-08 14:56:57,315 [Worker-13] WARN  o.e.m.c.i.embedder.EclipseLogger - Using platform encoding (Cp1252 actually) to copy filtered resources, i.e. build is platform dependent!
2017-04-08 14:56:57,325 [Worker-13] INFO  o.e.m.c.i.embedder.EclipseLogger - skip non existing resourceDirectory C:\Users\dsood1\Framework19Feb1100\Meritnation\src\test\resources
2017-04-08 15:00:38,298 [Worker-14] INFO  o.e.m.i.launch.MavenLaunchDelegate - C:\Users\dsood1\Framework19Feb1100\Meritnation
2017-04-08 15:00:38,298 [Worker-14] INFO  o.e.m.i.launch.MavenLaunchDelegate -  mvn  -B test
2017-04-08 15:13:59,398 [Worker-23] WARN  o.e.m.c.i.embedder.EclipseLogger - Using platform encoding (Cp1252 actually) to copy filtered resources, i.e. build is platform dependent!
2017-04-08 15:13:59,399 [Worker-23] INFO  o.e.m.c.i.embedder.EclipseLogger - skip non existing resourceDirectory C:\Users\dsood1\Framework19Feb1100\Meritnation\src\main\resources
2017-04-08 15:13:59,400 [Worker-23] WARN  o.e.m.c.i.embedder.EclipseLogger - Using platform encoding (Cp1252 actually) to copy filtered resources, i.e. build is platform dependent!
2017-04-08 15:13:59,401 [Worker-23] INFO  o.e.m.c.i.embedder.EclipseLogger - skip non existing resourceDirectory C:\Users\dsood1\Framework19Feb1100\Meritnation\src\test\resources
2017-04-08 15:14:29,731 [Worker-22] WARN  o.e.m.c.i.embedder.EclipseLogger - Using platform encoding (Cp1252 actually) to copy filtered resources, i.e. build is platform dependent!
2017-04-08 15:14:29,731 [Worker-22] INFO  o.e.m.c.i.embedder.EclipseLogger - skip non existing resourceDirectory C:\Users\dsood1\Framework19Feb1100\Meritnation\src\main\resources
2017-04-08 15:14:29,731 [Worker-22] WARN  o.e.m.c.i.embedder.EclipseLogger - Using platform encoding (Cp1252 actually) to copy filtered resources, i.e. build is platform dependent!
2017-04-08 15:14:29,741 [Worker-22] INFO  o.e.m.c.i.embedder.EclipseLogger - skip non existing resourceDirectory C:\Users\dsood1\Framework19Feb1100\Meritnation\src\test\resources
2017-04-08 21:06:23,627 [Worker-32] WARN  o.e.m.c.i.embedder.EclipseLogger - Using platform encoding (Cp1252 actually) to copy filtered resources, i.e. build is platform dependent!
2017-04-08 21:06:23,627 [Worker-32] INFO  o.e.m.c.i.embedder.EclipseLogger - skip non existing resourceDirectory C:\Users\dsood1\Framework19Feb1100\Meritnation\src\main\resources
2017-04-08 21:06:23,627 [Worker-32] WARN  o.e.m.c.i.embedder.EclipseLogger - Using platform encoding (Cp1252 actually) to copy filtered resources, i.e. build is platform dependent!
2017-04-08 21:06:23,637 [Worker-32] INFO  o.e.m.c.i.embedder.EclipseLogger - skip non existing resourceDirectory C:\Users\dsood1\Framework19Feb1100\Meritnation\src\test\resources
2017-04-08 21:06:29,920 [Worker-34] WARN  o.e.m.c.i.embedder.EclipseLogger - Using platform encoding (Cp1252 actually) to copy filtered resources, i.e. build is platform dependent!
2017-04-08 21:06:29,920 [Worker-34] INFO  o.e.m.c.i.embedder.EclipseLogger - skip non existing resourceDirectory C:\Users\dsood1\Framework19Feb1100\Meritnation\src\main\resources
2017-04-08 21:06:29,930 [Worker-34] WARN  o.e.m.c.i.embedder.EclipseLogger - Using platform encoding (Cp1252 actually) to copy filtered resources, i.e. build is platform dependent!
2017-04-08 21:06:29,930 [Worker-34] INFO  o.e.m.c.i.embedder.EclipseLogger - skip non existing resourceDirectory C:\Users\dsood1\Framework19Feb1100\Meritnation\src\test\resources
